<?xml version="1.0" encoding="UTF-8"?>
<coverage generated="1778922649">
  <project timestamp="1778922649">
    <file name="/home/runner/work/is-callable-rule/is-callable-rule/src/IsCallableRule.php">
      <class name="Aegisora\Rules\IsCallableRule" namespace="global">
        <metrics complexity="5" methods="3" coveredmethods="3" conditionals="0" coveredconditionals="0" statements="7" coveredstatements="7" elements="10" coveredelements="10"/>
      </class>
      <line num="12" type="method" name="create" visibility="public" complexity="1" crap="1" count="1"/>
      <line num="14" type="stmt" count="1"/>
      <line num="17" type="method" name="executeValidate" visibility="protected" complexity="2" crap="2" count="18"/>
      <line num="19" type="stmt" count="18"/>
      <line num="20" type="stmt" count="5"/>
      <line num="21" type="stmt" count="18"/>
      <line num="27" type="method" name="isCallable" visibility="private" complexity="2" crap="2" count="18"/>
      <line num="29" type="stmt" count="18"/>
      <line num="30" type="stmt" count="1"/>
      <line num="33" type="stmt" count="17"/>
      <metrics loc="36" ncloc="33" classes="1" methods="3" coveredmethods="3" conditionals="0" coveredconditionals="0" statements="7" coveredstatements="7" elements="10" coveredelements="10"/>
    </file>
    <metrics files="1" loc="36" ncloc="33" classes="1" methods="3" coveredmethods="3" conditionals="0" coveredconditionals="0" statements="7" coveredstatements="7" elements="10" coveredelements="10"/>
  </project>
</coverage>
