<?xml version="1.0" encoding="UTF-8"?>
<coverage generated="1778921104">
  <project timestamp="1778921104">
    <file name="/home/runner/work/is-callable-rule/is-callable-rule/src/IsCallableRule.php">
      <class name="Aegisora\Rules\IsCallableRule" namespace="global">
        <metrics complexity="3" methods="2" coveredmethods="2" conditionals="0" coveredconditionals="0" statements="4" coveredstatements="4" elements="6" coveredelements="6"/>
      </class>
      <line num="11" type="method" name="create" visibility="public" complexity="1" crap="1" count="1"/>
      <line num="13" type="stmt" count="1"/>
      <line num="16" type="method" name="executeValidate" visibility="protected" complexity="2" crap="2" count="13"/>
      <line num="18" type="stmt" count="13"/>
      <line num="19" type="stmt" count="1"/>
      <line num="20" type="stmt" count="13"/>
      <metrics loc="23" ncloc="23" classes="1" methods="2" coveredmethods="2" conditionals="0" coveredconditionals="0" statements="4" coveredstatements="4" elements="6" coveredelements="6"/>
    </file>
    <metrics files="1" loc="23" ncloc="23" classes="1" methods="2" coveredmethods="2" conditionals="0" coveredconditionals="0" statements="4" coveredstatements="4" elements="6" coveredelements="6"/>
  </project>
</coverage>
